[Licensing::Module] Trying to connect to existing licensing client channel...
[Licensing::IpcConnector] Successfully connected to: "LicenseClient-LENOVO" at "2026-06-23T10:03:09.8965075Z"
Built from '6000.4/staging' branch; Version is '6000.4.5f1 (cc83ebd631f8) revision 13403115'; Using compiler version '194234433'; Build Type 'Release'
OS: 'Windows 11  (10.0.26200) Professional' Language: 'en' Physical Memory: 7975 MB
BatchMode: 1, IsHumanControllingUs: 0, StartBugReporterOnCrash: 0, Is64bit: 1
System  architecture: x64
Process architecture: x64
Date: 2026-06-23T10:03:19Z

COMMAND LINE ARGUMENTS:
C:\Program Files\Unity\Hub\Editor\6000.4.5f1\Editor\Unity.exe
-adb2
-batchMode
-noUpm
-name
AssetImportWorker4
-projectPath
C:/Users/LENOVO/OneDrive/Desktop/Interfaces
-logFile
Logs/AssetImportWorker4.log
-srvPort
63371
-licensingIpc
LicenseClient-LENOVO
-force-d3d12
-job-worker-count
3
-background-job-worker-count
8
-gc-helper-count
1
-name
AssetImport
Successfully changed project path to: C:/Users/LENOVO/OneDrive/Desktop/Interfaces
C:/Users/LENOVO/OneDrive/Desktop/Interfaces
[UnityMemory] Configuration Parameters - Can be set up in boot.config
    "memorysetup-temp-allocator-size-gi-baking-worker=262144"
    "memorysetup-temp-allocator-size-gi-baking-worker=262144"
    "memorysetup-temp-allocator-size-gi-baking-worker=262144"
    "memorysetup-temp-allocator-size-gi-baking-worker=262144"
    "memorysetup-temp-allocator-size-gi-baking-worker=262144"
    "memorysetup-temp-allocator-size-nav-mesh-worker=65536"
    "memorysetup-temp-allocator-size-audio-worker=65536"
    "memorysetup-temp-allocator-size-cloud-worker=32768"
    "memorysetup-temp-allocator-size-gfx=262144"
    "memorysetup-temp-allocator-size-preload-manager=33554432"
    "memorysetup-temp-allocator-size-job-worker=262144"
    "memorysetup-temp-allocator-size-background-worker=32768"
    "memorysetup-allocator-temp-initial-block-size-main=262144"
    "memorysetup-allocator-temp-initial-block-size-worker=262144"
    "memorysetup-bucket-allocator-granularity=16"
    "memorysetup-bucket-allocator-bucket-count=8"
    "memorysetup-bucket-allocator-block-size=33554432"
    "memorysetup-bucket-allocator-block-count=8"
    "memorysetup-main-allocator-block-size=16777216"
    "memorysetup-thread-allocator-block-size=16777216"
    "memorysetup-gfx-main-allocator-block-size=16777216"
    "memorysetup-gfx-thread-allocator-block-size=16777216"
    "memorysetup-cache-allocator-block-size=4194304"
    "memorysetup-typetree-allocator-block-size=2097152"
    "memorysetup-profiler-bucket-allocator-granularity=16"
    "memorysetup-profiler-bucket-allocator-bucket-count=8"
    "memorysetup-profiler-bucket-allocator-block-size=33554432"
    "memorysetup-profiler-bucket-allocator-block-count=8"
    "memorysetup-profiler-allocator-block-size=16777216"
    "memorysetup-profiler-editor-allocator-block-size=1048576"
    "memorysetup-temp-allocator-size-main=16777216"
    "memorysetup-job-temp-allocator-block-size=2097152"
    "memorysetup-job-temp-allocator-block-size-background=1048576"
    "memorysetup-job-temp-allocator-reduction-small-platforms=262144"
Player connection [13116]  Target information:

Player connection [13116]  * "[IP] 172.18.112.1 [Port] 0 [Flags] 2 [Guid] 2886956250 [EditorId] 2886956250 [Version] 1048832 [Id] WindowsEditor(7,DESKTOP-0846CQD) [Debug] 1 [PackageName] WindowsEditor [ProjectName] Editor" 

Player connection [13116]  * "[IP] 192.168.56.1 [Port] 0 [Flags] 2 [Guid] 2886956250 [EditorId] 2886956250 [Version] 1048832 [Id] WindowsEditor(7,DESKTOP-0846CQD) [Debug] 1 [PackageName] WindowsEditor [ProjectName] Editor" 

Player connection [13116]  * "[IP] 192.168.1.91 [Port] 0 [Flags] 2 [Guid] 2886956250 [EditorId] 2886956250 [Version] 1048832 [Id] WindowsEditor(7,DESKTOP-0846CQD) [Debug] 1 [PackageName] WindowsEditor [ProjectName] Editor" 

Player connection [13116] Host joined multi-casting on [225.0.0.222:54997]...
Player connection [13116] Host joined alternative multi-casting on [225.0.0.222:34997]...
JobSystem: Creating JobQueue using job-worker-count value 3
Input System module state changed to: Initialized.
[Physics::Module] Initialized fallback backend.
[Physics::Module] Id: 0xdecafbad
Library Redirect Path: Library/
[Licensing::Client] Error: HandshakeResponse reported an error:
	ResponseCode: 505
	ResponseStatus: Unsupported protocol version '1.18.1'.
[Licensing::Module] Error: Failed to handshake to channel: "LicenseClient-LENOVO"
[Licensing::IpcConnector] LicenseClient-LENOVO channel disconnected successfully.
[Licensing::IpcConnector] Successfully connected to: "LicenseClient-LENOVO-6000.4.5" at "2026-06-23T10:04:42.603425Z"
[Physics::Module] Selected backend.
[Physics::Module] Name: PhysX
[Physics::Module] Id: 0xf2b8ea05
[Physics::Module] SDK Version: 4.1.2
[Physics::Module] Integration Version: 1.0.0
[Physics::Module] Threading Mode: Multi-Threaded
[Licensing::Client] Code 10 while verifying Licensing Client signature (process Id: 9488, path: "C:/Program Files/Unity/Hub/Editor/6000.4.5f1/Editor/Data/Resources/Licensing/Client/Unity.Licensing.Client.exe")
[Licensing::Module] LicensingClient has failed validation; ignoring
[Licensing::Client] Handshaking with LicensingClient:
  Version:                 1.18.1+9fbee8e
  Session Id:              e14a63dcf5db4d4fbae1aed95deb4d6c
  Correlation Id:          119b5b22133225af7aa5428904389e27
  External correlation Id: 808333890803401997
  Machine Id:              FHWoad8bAp2I7gkx9c5LLO0NPvs=
[Licensing::Module] Successfully connected to LicensingClient on channel: "LicenseClient-LENOVO-6000.4.5" (connect: 0.00s, validation: 0.04s, handshake: 0.31s)
[Licensing::IpcConnector] Successfully connected to: "LicenseClient-LENOVO-6000.4.5-notifications" at "2026-06-23T10:04:42.9608196Z"
[Licensing::Module] Licensing Background thread has ended after 93.15s
Refreshing native plugins compatible for Editor in 261.13 ms, found 4 plugins.
Initialize engine version: 6000.4.5f1 (cc83ebd631f8)
[Subsystems] Discovering subsystems at path C:/Program Files/Unity/Hub/Editor/6000.4.5f1/Editor/Data/Resources/UnitySubsystems
[Subsystems] Discovering subsystems at path C:/Users/LENOVO/OneDrive/Desktop/Interfaces/Assets
Forcing GfxDevice: Direct3D 12
GfxDevice: creating device client; kGfxThreadingModeNonThreaded
d3d12: failed to query info queue interface (0x80004002).
Direct3D:
    Version:         Direct3D 12 [level 12.1]
    Renderer:        NVIDIA GeForce MX450 (ID=0x1f97)
    Vendor:          NVIDIA
    VRAM:            1928 MB
    App VRAM Budget: 1639 MB
    Driver:          31.0.15.1654
