[Licensing::Module] Trying to connect to existing licensing client channel...
Built from '6000.4/staging' branch; Version is '6000.4.5f1 (cc83ebd631f8) revision 13403115'; Using compiler version '194234433'; Build Type 'Release'
OS: 'Windows 11  (10.0.26200) Professional' Language: 'en' Physical Memory: 7975 MB
BatchMode: 1, IsHumanControllingUs: 0, StartBugReporterOnCrash: 0, Is64bit: 1
System  architecture: x64
Process architecture: x64
Date: 2026-06-23T10:06:42Z
[Licensing::IpcConnector] Successfully connected to: "LicenseClient-LENOVO" at "2026-06-23T10:06:42.3090564Z"

COMMAND LINE ARGUMENTS:
C:\Program Files\Unity\Hub\Editor\6000.4.5f1\Editor\Unity.exe
-adb2
-batchMode
-noUpm
-name
AssetImportWorker6
-projectPath
C:/Users/LENOVO/OneDrive/Desktop/Interfaces
-logFile
Logs/AssetImportWorker6.log
-srvPort
63371
-licensingIpc
LicenseClient-LENOVO
-force-d3d12
-job-worker-count
3
-background-job-worker-count
8
-gc-helper-count
1
-name
AssetImport
Successfully changed project path to: C:/Users/LENOVO/OneDrive/Desktop/Interfaces
C:/Users/LENOVO/OneDrive/Desktop/Interfaces
[UnityMemory] Configuration Parameters - Can be set up in boot.config
    "memorysetup-temp-allocator-size-gi-baking-worker=262144"
    "memorysetup-temp-allocator-size-gi-baking-worker=262144"
    "memorysetup-temp-allocator-size-gi-baking-worker=262144"
    "memorysetup-temp-allocator-size-gi-baking-worker=262144"
    "memorysetup-temp-allocator-size-gi-baking-worker=262144"
    "memorysetup-temp-allocator-size-nav-mesh-worker=65536"
    "memorysetup-temp-allocator-size-audio-worker=65536"
    "memorysetup-temp-allocator-size-cloud-worker=32768"
    "memorysetup-temp-allocator-size-gfx=262144"
    "memorysetup-temp-allocator-size-preload-manager=33554432"
    "memorysetup-temp-allocator-size-job-worker=262144"
    "memorysetup-temp-allocator-size-background-worker=32768"
    "memorysetup-allocator-temp-initial-block-size-main=262144"
    "memorysetup-allocator-temp-initial-block-size-worker=262144"
    "memorysetup-bucket-allocator-granularity=16"
    "memorysetup-bucket-allocator-bucket-count=8"
    "memorysetup-bucket-allocator-block-size=33554432"
    "memorysetup-bucket-allocator-block-count=8"
    "memorysetup-main-allocator-block-size=16777216"
    "memorysetup-thread-allocator-block-size=16777216"
    "memorysetup-gfx-main-allocator-block-size=16777216"
    "memorysetup-gfx-thread-allocator-block-size=16777216"
    "memorysetup-cache-allocator-block-size=4194304"
    "memorysetup-typetree-allocator-block-size=2097152"
    "memorysetup-profiler-bucket-allocator-granularity=16"
    "memorysetup-profiler-bucket-allocator-bucket-count=8"
    "memorysetup-profiler-bucket-allocator-block-size=33554432"
    "memorysetup-profiler-bucket-allocator-block-count=8"
    "memorysetup-profiler-allocator-block-size=16777216"
    "memorysetup-profiler-editor-allocator-block-size=1048576"
    "memorysetup-temp-allocator-size-main=16777216"
    "memorysetup-job-temp-allocator-block-size=2097152"
    "memorysetup-job-temp-allocator-block-size-background=1048576"
    "memorysetup-job-temp-allocator-reduction-small-platforms=262144"
Player connection [7220]  Target information:

Player connection [7220]  * "[IP] 172.18.112.1 [Port] 0 [Flags] 2 [Guid] 2214374947 [EditorId] 2214374947 [Version] 1048832 [Id] WindowsEditor(7,DESKTOP-0846CQD) [Debug] 1 [PackageName] WindowsEditor [ProjectName] Editor" 

Player connection [7220]  * "[IP] 192.168.56.1 [Port] 0 [Flags] 2 [Guid] 2214374947 [EditorId] 2214374947 [Version] 1048832 [Id] WindowsEditor(7,DESKTOP-0846CQD) [Debug] 1 [PackageName] WindowsEditor [ProjectName] Editor" 

Player connection [7220]  * "[IP] 192.168.1.91 [Port] 0 [Flags] 2 [Guid] 2214374947 [EditorId] 2214374947 [Version] 1048832 [Id] WindowsEditor(7,DESKTOP-0846CQD) [Debug] 1 [PackageName] WindowsEditor [ProjectName] Editor" 

Player connection [7220] Host joined multi-casting on [225.0.0.222:54997]...
Player connection [7220] Host joined alternative multi-casting on [225.0.0.222:34997]...
JobSystem: Creating JobQueue using job-worker-count value 3
Input System module state changed to: Initialized.
[Physics::Module] Initialized fallback backend.
[Physics::Module] Id: 0xdecafbad
Library Redirect Path: Library/
[Physics::Module] Selected backend.
[Physics::Module] Name: PhysX
[Physics::Module] Id: 0xf2b8ea05
[Physics::Module] SDK Version: 4.1.2
[Physics::Module] Integration Version: 1.0.0
[Physics::Module] Threading Mode: Multi-Threaded
Refreshing native plugins compatible for Editor in 54.02 ms, found 4 plugins.
Initialize engine version: 6000.4.5f1 (cc83ebd631f8)
[Subsystems] Discovering subsystems at path C:/Program Files/Unity/Hub/Editor/6000.4.5f1/Editor/Data/Resources/UnitySubsystems
[Subsystems] Discovering subsystems at path C:/Users/LENOVO/OneDrive/Desktop/Interfaces/Assets
Forcing GfxDevice: Direct3D 12
GfxDevice: creating device client; kGfxThreadingModeNonThreaded
d3d12: failed to query info queue interface (0x80004002).
Direct3D:
    Version:         Direct3D 12 [level 12.1]
    Renderer:        NVIDIA GeForce MX450 (ID=0x1f97)
    Vendor:          NVIDIA
    VRAM:            1928 MB
    App VRAM Budget: 1639 MB
    Driver:          31.0.15.1654
Initialize mono
Mono path[0] = 'C:/Program Files/Unity/Hub/Editor/6000.4.5f1/Editor/Data/Managed'
Mono path[1] = 'C:/Program Files/Unity/Hub/Editor/6000.4.5f1/Editor/Data/MonoBleedingEdge/lib/mono/unityjit-win32'
Mono config path = 'C:/Program Files/Unity/Hub/Editor/6000.4.5f1/Editor/Data/MonoBleedingEdge/etc'
Using monoOptions --debugger-agent=transport=dt_socket,embedding=1,server=y,suspend=n,address=127.0.0.1:56248
CodeReloadManager initialized
Begin MonoManager ReloadAssembly
Registering precompiled unity dll's ...
Register platform support module: C:/Program Files/Unity/Hub/Editor/6000.4.5f1/Editor/Data/PlaybackEngines/WebGLSupport/UnityEditor.WebGL.Extensions.dll
Register platform support module: C:/Program Files/Unity/Hub/Editor/6000.4.5f1/Editor/Data/PlaybackEngines/MacStandaloneSupport/UnityEditor.OSXStandalone.Extensions.dll
Register platform support module: C:/Program Files/Unity/Hub/Editor/6000.4.5f1/Editor/Data/PlaybackEngines/WindowsStandaloneSupport/UnityEditor.WindowsStandalone.Extensions.dll
[Licensing::Module] Licensing is not yet initialized.
[Licensing::Client] Error: HandshakeResponse reported an error:
	ResponseCode: 505
	ResponseStatus: Unsupported protocol version '1.18.1'.
[Licensing::Module] Error: Failed to handshake to channel: "LicenseClient-LENOVO"
[Licensing::IpcConnector] LicenseClient-LENOVO channel disconnected successfully.
[Licensing::IpcConnector] Successfully connected to: "LicenseClient-LENOVO-6000.4.5" at "2026-06-23T10:10:11.8263464Z"
[Licensing::Client] Code 10 while verifying Licensing Client signature (process Id: 9488, path: "C:/Program Files/Unity/Hub/Editor/6000.4.5f1/Editor/Data/Resources/Licensing/Client/Unity.Licensing.Client.exe")
[Licensing::Module] LicensingClient has failed validation; ignoring
[Licensing::Client] Handshaking with LicensingClient:
  Version:                 1.18.1+9fbee8e
  Session Id:              db34f724856d49b18da7dc48a338a32f
  Correlation Id:          119b5b22133225af7aa5428904389e27
  External correlation Id: 1134183374464394373
  Machine Id:              FHWoad8bAp2I7gkx9c5LLO0NPvs=
[Licensing::Module] Successfully connected to LicensingClient on channel: "LicenseClient-LENOVO-6000.4.5" (connect: 0.00s, validation: 0.01s, handshake: 0.23s)
[Licensing::IpcConnector] Successfully connected to: "LicenseClient-LENOVO-6000.4.5-notifications" at "2026-06-23T10:10:12.0685794Z"
[Licensing::Module] Licensing Background thread has ended after 209.81s
[Licensing::Module] Licensing is initialized (took 57.16s).
[Licensing::Client] Successfully resolved entitlement details
[Licensing::Module] License group:
  Id: 11270669987969-UnityPersXXXX
  Product: Unity Personal
  Type: Assigned
  Expiration: Unlimited
Register platform support module: C:/Program Files/Unity/Hub/Editor/6000.4.5f1/Editor/Data/PlaybackEngines/AndroidPlayer/UnityEditor.Android.Extensions.dll
Register platform support module: C:/Program Files/Unity/Hub/Editor/6000.4.5f1/Editor/Data/PlaybackEngines/LinuxStandaloneSupport/UnityEditor.LinuxStandalone.Extensions.dll
Registered in 57.446016 seconds.
Native extension for LinuxStandalone target not found
Native extension for Android target not found
Native extension for WindowsStandalone target not found
Native extension for OSXStandalone target not found
Native extension for WebGL target not found
Package Manager log level set to [2]
[Package Manager] Failed to launch server process. Reason: Unity was launched with the -noUpm command-line argument
[Package Manager] Unable to send message (not connected to server process).
[Package Manager] Cannot connect to Unity Package Manager local server
[Package Manager] Failed to launch server process. Reason: Unity was launched with the -noUpm command-line argument
[Package Manager] Unable to send message (not connected to server process).
[Package Manager] Cannot connect to Unity Package Manager local server
ScheduleIndexationOnStartup MainProcess:False IndexOnStartup:True
Mono: successfully reloaded assembly
- Finished resetting the current domain, in 25.749 seconds
Domain Reload Profiling: 106557ms
	BeginReloadAssembly (11583ms)
		ReleaseScriptingObjects (4ms)
		CreateAndSetChildDomain (914ms)
	RebuildCommonClasses (2454ms)
	RebuildNativeTypeToScriptingClass (576ms)
	initialDomainReloadingComplete (60790ms)
	LoadAllAssembliesAndSetupDomain (5371ms)
		LoadAssemblies (10555ms)
		AnalyzeDomain (5101ms)
			TypeCache.Refresh (5044ms)
				TypeCache.ScanAssembly (4214ms)
			BuildScriptInfoCaches (22ms)
			ResolveRequiredComponents (9ms)
	FinalizeReload (25783ms)
		SetupLoadedEditorAssemblies (0ms)
			InitializePlatformSupportModulesInManaged (5897ms)
			BeforeProcessingInitializeOnLoad (7398ms)
			ProcessInitializeOnLoadAttributes (5759ms)
			ProcessInitializeOnLoadMethodAttributes (1820ms)
			EditorAssembliesLoaded (5ms)
========================================================================
Worker process is ready to serve import requests
Import Worker Mode flag is 0x00
Begin MonoManager ReloadAssembly
[Licensing::Client] Successfully resolved entitlement details
Assembly Assembly-CSharp-Editor-firstpass.dll at Library/ScriptAssemblies/Assembly-CSharp-Editor-firstpass.dll not valid. Loading of assembly skipped.
Assembly Assembly-CSharp-firstpass.dll at Library/ScriptAssemblies/Assembly-CSharp-firstpass.dll not valid. Loading of assembly skipped.
Assembly DocCodeExamples.dll at Library/ScriptAssemblies/DocCodeExamples.dll not valid. Loading of assembly skipped.
Assembly TestNewCustomAssembly.dll at Library/ScriptAssemblies/TestNewCustomAssembly.dll not valid. Loading of assembly skipped.
Assembly Unity.Collections.BurstCompatibilityGen.dll at Library/ScriptAssemblies/Unity.Collections.BurstCompatibilityGen.dll not valid. Loading of assembly skipped.
Assembly Unity.Collections.DocCodeSamples.dll at Library/ScriptAssemblies/Unity.Collections.DocCodeSamples.dll not valid. Loading of assembly skipped.
Assembly Unity.Collections.PerformanceTests.dll at Library/ScriptAssemblies/Unity.Collections.PerformanceTests.dll not valid. Loading of assembly skipped.
Assembly Unity.Collections.Tests.dll at Library/ScriptAssemblies/Unity.Collections.Tests.dll not valid. Loading of assembly skipped.
Assembly Unity.Collections.Tests.Playmode.dll at Library/ScriptAssemblies/Unity.Collections.Tests.Playmode.dll not valid. Loading of assembly skipped.
Assembly Unity.InputSystem.IntegrationTests.dll at Library/ScriptAssemblies/Unity.InputSystem.IntegrationTests.dll not valid. Loading of assembly skipped.
Assembly Unity.Mathematics.Tests.dll at Library/ScriptAssemblies/Unity.Mathematics.Tests.dll not valid. Loading of assembly skipped.
Assembly Unity.Multiplayer.Center.Editor.Tests.dll at Library/ScriptAssemblies/Unity.Multiplayer.Center.Editor.Tests.dll not valid. Loading of assembly skipped.
Assembly Unity.Multiplayer.Center.Tests.dll at Library/ScriptAssemblies/Unity.Multiplayer.Center.Tests.dll not valid. Loading of assembly skipped.
Assembly Unity.Nuget.Mono-Cecil.dll at Library/ScriptAssemblies/Unity.Nuget.Mono-Cecil.dll not valid. Loading of assembly skipped.
Assembly Unity.PathTracing.Editor.Tests.dll at Library/ScriptAssemblies/Unity.PathTracing.Editor.Tests.dll not valid. Loading of assembly skipped.
Assembly Unity.PathTracing.Runtime.Tests.dll at Library/ScriptAssemblies/Unity.PathTracing.Runtime.Tests.dll not valid. Loading of assembly skipped.
Assembly Unity.RenderPipelines.Core.Editor.Tests.dll at Library/ScriptAssemblies/Unity.RenderPipelines.Core.Editor.Tests.dll not valid. Loading of assembly skipped.
Assembly Unity.RenderPipelines.Core.Runtime.Tests.dll at Library/ScriptAssemblies/Unity.RenderPipelines.Core.Runtime.Tests.dll not valid. Loading of assembly skipped.
Assembly Unity.RenderPipelines.Universal.Config.Editor.Tests.dll at Library/ScriptAssemblies/Unity.RenderPipelines.Universal.Config.Editor.Tests.dll not valid. Loading of assembly skipped.
Assembly Unity.RenderPipelines.Universal.Editor.Tests.dll at Library/ScriptAssemblies/Unity.RenderPipelines.Universal.Editor.Tests.dll not valid. Loading of assembly skipped.
Assembly Unity.RenderPipelines.Universal.Runtime.Tests.dll at Library/ScriptAssemblies/Unity.RenderPipelines.Universal.Runtime.Tests.dll not valid. Loading of assembly skipped.
Assembly Unity.Searcher.EditorTests.dll at Library/ScriptAssemblies/Unity.Searcher.EditorTests.dll not valid. Loading of assembly skipped.
Assembly Unity.ShaderGraph.Editor.Tests.dll at Library/ScriptAssemblies/Unity.ShaderGraph.Editor.Tests.dll not valid. Loading of assembly skipped.
Assembly Unity.TextMeshPro.Editor.Tests.dll at Library/ScriptAssemblies/Unity.TextMeshPro.Editor.Tests.dll not valid. Loading of assembly skipped.
Assembly Unity.TextMeshPro.Tests.dll at Library/ScriptAssemblies/Unity.TextMeshPro.Tests.dll not valid. Loading of assembly skipped.
Assembly Unity.UnifiedRayTracing.Editor.Tests.dll at Library/ScriptAssemblies/Unity.UnifiedRayTracing.Editor.Tests.dll not valid. Loading of assembly skipped.
Assembly UnityEditor.UI.Common.Tests.dll at Library/ScriptAssemblies/UnityEditor.UI.Common.Tests.dll not valid. Loading of assembly skipped.
Assembly UnityEditor.UI.EditorTests.dll at Library/ScriptAssemblies/UnityEditor.UI.EditorTests.dll not valid. Loading of assembly skipped.
Assembly UnityEngine.UI.Tests.dll at Library/ScriptAssemblies/UnityEngine.UI.Tests.dll not valid. Loading of assembly skipped.
Refreshing native plugins compatible for Editor in 32.93 ms, found 4 plugins.
Native extension for LinuxStandalone target not found
Native extension for Android target not found
Native extension for WindowsStandalone target not found
Native extension for OSXStandalone target not found
Native extension for WebGL target not found
[Package Manager] Failed to launch server process. Reason: Unity was launched with the -noUpm command-line argument
[Package Manager] Unable to send message (not connected to server process).
[Package Manager] Cannot connect to Unity Package Manager local server
Refreshing native plugins compatible for Editor in 21.91 ms, found 4 plugins.
[Package Manager] Failed to launch server process. Reason: Unity was launched with the -noUpm command-line argument
[Package Manager] Unable to send message (not connected to server process).
[Package Manager] Cannot connect to Unity Package Manager local server
ScheduleIndexationOnStartup MainProcess:False IndexOnStartup:True
Mono: successfully reloaded assembly
- Finished resetting the current domain, in 38.485 seconds
Domain Reload Profiling: 77274ms
	BeginReloadAssembly (7775ms)
		DisableScriptedObjects (124ms)
		CreateAndSetChildDomain (1065ms)
	RebuildCommonClasses (687ms)
	RebuildNativeTypeToScriptingClass (277ms)
	initialDomainReloadingComplete (1577ms)
	LoadAllAssembliesAndSetupDomain (28395ms)
		LoadAssemblies (17417ms)
		AnalyzeDomain (14002ms)
			TypeCache.Refresh (10544ms)
				TypeCache.ScanAssembly (9578ms)
			BuildScriptInfoCaches (3190ms)
			ResolveRequiredComponents (233ms)
	FinalizeReload (38564ms)
		SetupLoadedEditorAssemblies (0ms)
			InitializePlatformSupportModulesInManaged (514ms)
			BeforeProcessingInitializeOnLoad (5989ms)
			ProcessInitializeOnLoadAttributes (9742ms)
			ProcessInitializeOnLoadMethodAttributes (4285ms)
			AfterProcessingInitializeOnLoad (152ms)
		AwakeInstancesAfterBackupRestoration (1153ms)
Launched and connected shader compiler UnityShaderCompiler.exe after 0.43 seconds
Refreshing native plugins compatible for Editor in 34.91 ms, found 4 plugins.
Unloading 24 Unused Serialized files (Serialized files now loaded: 0)
Unloading 6536 unused Assets / (4.5 MB). Loaded Objects now: 7341.
Memory consumption went from 150.2 MB to 145.7 MB.
Total: 129.902400 ms (FindLiveObjects: 11.261200 ms CreateObjectMapping: 16.043300 ms MarkObjects: 75.058700 ms  DeleteObjects: 27.522400 ms)

========================================================================
Received Import Request.
  Time since last request: 1772.549962 seconds.
  path: Assets/Scripts/InterfaceTestScript.cs
  importAddress: Guid(00cc19884bc2f5b4698f585c37c7edbd) Importer(815301076,1909f56bfc062723c751e8b465ee728b)
Start importing Assets/Scripts/InterfaceTestScript.cs using Guid(00cc19884bc2f5b4698f585c37c7edbd) Importer(815301076,1909f56bfc062723c751e8b465ee728b) (PreviewImporter) -> (Import Result ID: '00000000000000000000000000000000') in 0.1496094 seconds
Import Error Code:(4)
Message: Build asset version error: assets/scripts/interfacetestscript.cs in SourceAssetDB has modification time of '2026-06-23T09:14:21.4362593Z' while content on disk has modification time of '2026-06-23T10:05:35.572721Z'
  ERROR: Build asset version error: assets/scripts/interfacetestscript.cs in SourceAssetDB has modification time of '2026-06-23T09:14:21.4362593Z' while content on disk has modification time of '2026-06-23T10:05:35.572721Z'
Number of updated asset objects reloaded before import = 0Number of asset objects unloaded after import = 0

========================================================================
Received Import Request.
  Time since last request: 0.000640 seconds.
  path: Assets/Scripts/InterfaceTestScript.cs
  importAddress: Guid(00cc19884bc2f5b4698f585c37c7edbd) Importer(815301076,1909f56bfc062723c751e8b465ee728b)
Start importing Assets/Scripts/InterfaceTestScript.cs using Guid(00cc19884bc2f5b4698f585c37c7edbd) Importer(815301076,1909f56bfc062723c751e8b465ee728b) (PreviewImporter) -> (Import Result ID: '00000000000000000000000000000000') in 0.0645653 seconds
Import Error Code:(4)
Message: Build asset version error: assets/scripts/interfacetestscript.cs in SourceAssetDB has modification time of '2026-06-23T09:14:21.4362593Z' while content on disk has modification time of '2026-06-23T10:05:35.572721Z'
  ERROR: Build asset version error: assets/scripts/interfacetestscript.cs in SourceAssetDB has modification time of '2026-06-23T09:14:21.4362593Z' while content on disk has modification time of '2026-06-23T10:05:35.572721Z'
Number of updated asset objects reloaded before import = 0Number of asset objects unloaded after import = 0

========================================================================
Received Import Request.
  Time since last request: 0.000128 seconds.
  path: Assets/Scripts/InterfaceTestScript.cs
  importAddress: Guid(00cc19884bc2f5b4698f585c37c7edbd) Importer(815301076,1909f56bfc062723c751e8b465ee728b)
Start importing Assets/Scripts/InterfaceTestScript.cs using Guid(00cc19884bc2f5b4698f585c37c7edbd) Importer(815301076,1909f56bfc062723c751e8b465ee728b) (PreviewImporter) -> (Import Result ID: '00000000000000000000000000000000') in 0.003846 seconds
Import Error Code:(4)
Message: Build asset version error: assets/scripts/interfacetestscript.cs in SourceAssetDB has modification time of '2026-06-23T09:14:21.4362593Z' while content on disk has modification time of '2026-06-23T10:05:35.572721Z'
  ERROR: Build asset version error: assets/scripts/interfacetestscript.cs in SourceAssetDB has modification time of '2026-06-23T09:14:21.4362593Z' while content on disk has modification time of '2026-06-23T10:05:35.572721Z'
Number of updated asset objects reloaded before import = 0Number of asset objects unloaded after import = 0

========================================================================
Received Import Request.
  Time since last request: 0.000324 seconds.
  path: Assets/Scripts/InterfaceTestScript.cs
  importAddress: Guid(00cc19884bc2f5b4698f585c37c7edbd) Importer(815301076,1909f56bfc062723c751e8b465ee728b)
Start importing Assets/Scripts/InterfaceTestScript.cs using Guid(00cc19884bc2f5b4698f585c37c7edbd) Importer(815301076,1909f56bfc062723c751e8b465ee728b) (PreviewImporter) -> (Import Result ID: '00000000000000000000000000000000') in 0.0100989 seconds
Import Error Code:(4)
Message: Build asset version error: assets/scripts/interfacetestscript.cs in SourceAssetDB has modification time of '2026-06-23T09:14:21.4362593Z' while content on disk has modification time of '2026-06-23T10:05:35.572721Z'
  ERROR: Build asset version error: assets/scripts/interfacetestscript.cs in SourceAssetDB has modification time of '2026-06-23T09:14:21.4362593Z' while content on disk has modification time of '2026-06-23T10:05:35.572721Z'
Number of updated asset objects reloaded before import = 0Number of asset objects unloaded after import = 0

========================================================================
Received Import Request.
  Time since last request: 0.000137 seconds.
  path: Assets/Scripts/InterfaceTestScript.cs
  importAddress: Guid(00cc19884bc2f5b4698f585c37c7edbd) Importer(815301076,1909f56bfc062723c751e8b465ee728b)
Start importing Assets/Scripts/InterfaceTestScript.cs using Guid(00cc19884bc2f5b4698f585c37c7edbd) Importer(815301076,1909f56bfc062723c751e8b465ee728b) (PreviewImporter) -> (Import Result ID: '00000000000000000000000000000000') in 0.0041216 seconds
Import Error Code:(4)
Message: Build asset version error: assets/scripts/interfacetestscript.cs in SourceAssetDB has modification time of '2026-06-23T09:14:21.4362593Z' while content on disk has modification time of '2026-06-23T10:05:35.572721Z'
  ERROR: Build asset version error: assets/scripts/interfacetestscript.cs in SourceAssetDB has modification time of '2026-06-23T09:14:21.4362593Z' while content on disk has modification time of '2026-06-23T10:05:35.572721Z'
Number of updated asset objects reloaded before import = 0Number of asset objects unloaded after import = 0

========================================================================
Received Import Request.
  Time since last request: 0.000136 seconds.
  path: Assets/Scripts/InterfaceTestScript.cs
  importAddress: Guid(00cc19884bc2f5b4698f585c37c7edbd) Importer(815301076,1909f56bfc062723c751e8b465ee728b)
Start importing Assets/Scripts/InterfaceTestScript.cs using Guid(00cc19884bc2f5b4698f585c37c7edbd) Importer(815301076,1909f56bfc062723c751e8b465ee728b) (PreviewImporter) -> (Import Result ID: '00000000000000000000000000000000') in 0.0259268 seconds
Import Error Code:(4)
Message: Build asset version error: assets/scripts/interfacetestscript.cs in SourceAssetDB has modification time of '2026-06-23T09:14:21.4362593Z' while content on disk has modification time of '2026-06-23T10:05:35.572721Z'
  ERROR: Build asset version error: assets/scripts/interfacetestscript.cs in SourceAssetDB has modification time of '2026-06-23T09:14:21.4362593Z' while content on disk has modification time of '2026-06-23T10:05:35.572721Z'
Number of updated asset objects reloaded before import = 0Number of asset objects unloaded after import = 0

========================================================================
Received Import Request.
  Time since last request: 0.000146 seconds.
  path: Assets/Scripts/InterfaceTestScript.cs
  importAddress: Guid(00cc19884bc2f5b4698f585c37c7edbd) Importer(815301076,1909f56bfc062723c751e8b465ee728b)
Start importing Assets/Scripts/InterfaceTestScript.cs using Guid(00cc19884bc2f5b4698f585c37c7edbd) Importer(815301076,1909f56bfc062723c751e8b465ee728b) (PreviewImporter) -> (Import Result ID: '00000000000000000000000000000000') in 0.151598 seconds
Import Error Code:(4)
Message: Build asset version error: assets/scripts/interfacetestscript.cs in SourceAssetDB has modification time of '2026-06-23T09:14:21.4362593Z' while content on disk has modification time of '2026-06-23T10:05:35.572721Z'
  ERROR: Build asset version error: assets/scripts/interfacetestscript.cs in SourceAssetDB has modification time of '2026-06-23T09:14:21.4362593Z' while content on disk has modification time of '2026-06-23T10:05:35.572721Z'
Number of updated asset objects reloaded before import = 0Number of asset objects unloaded after import = 0

========================================================================
Received Import Request.
  Time since last request: 0.000162 seconds.
  path: Assets/Scripts/InterfaceTestScript.cs
  importAddress: Guid(00cc19884bc2f5b4698f585c37c7edbd) Importer(815301076,1909f56bfc062723c751e8b465ee728b)
Start importing Assets/Scripts/InterfaceTestScript.cs using Guid(00cc19884bc2f5b4698f585c37c7edbd) Importer(815301076,1909f56bfc062723c751e8b465ee728b) (PreviewImporter) -> (Import Result ID: '00000000000000000000000000000000') in 0.0046919 seconds
Import Error Code:(4)
Message: Build asset version error: assets/scripts/interfacetestscript.cs in SourceAssetDB has modification time of '2026-06-23T09:14:21.4362593Z' while content on disk has modification time of '2026-06-23T10:05:35.572721Z'
  ERROR: Build asset version error: assets/scripts/interfacetestscript.cs in SourceAssetDB has modification time of '2026-06-23T09:14:21.4362593Z' while content on disk has modification time of '2026-06-23T10:05:35.572721Z'
Number of updated asset objects reloaded before import = 0Number of asset objects unloaded after import = 0

========================================================================
Received Import Request.
  Time since last request: 0.000157 seconds.
  path: Assets/Scripts/InterfaceTestScript.cs
  importAddress: Guid(00cc19884bc2f5b4698f585c37c7edbd) Importer(815301076,1909f56bfc062723c751e8b465ee728b)
Start importing Assets/Scripts/InterfaceTestScript.cs using Guid(00cc19884bc2f5b4698f585c37c7edbd) Importer(815301076,1909f56bfc062723c751e8b465ee728b) (PreviewImporter) -> (Import Result ID: '00000000000000000000000000000000') in 0.0038896 seconds
Import Error Code:(4)
Message: Build asset version error: assets/scripts/interfacetestscript.cs in SourceAssetDB has modification time of '2026-06-23T09:14:21.4362593Z' while content on disk has modification time of '2026-06-23T10:05:35.572721Z'
  ERROR: Build asset version error: assets/scripts/interfacetestscript.cs in SourceAssetDB has modification time of '2026-06-23T09:14:21.4362593Z' while content on disk has modification time of '2026-06-23T10:05:35.572721Z'
Number of updated asset objects reloaded before import = 0Number of asset objects unloaded after import = 0

========================================================================
Received Import Request.
  Time since last request: 0.000170 seconds.
  path: Assets/Scripts/InterfaceTestScript.cs
  importAddress: Guid(00cc19884bc2f5b4698f585c37c7edbd) Importer(815301076,1909f56bfc062723c751e8b465ee728b)
Start importing Assets/Scripts/InterfaceTestScript.cs using Guid(00cc19884bc2f5b4698f585c37c7edbd) Importer(815301076,1909f56bfc062723c751e8b465ee728b) (PreviewImporter) -> (Import Result ID: '00000000000000000000000000000000') in 0.0040539 seconds
Import Error Code:(4)
Message: Build asset version error: assets/scripts/interfacetestscript.cs in SourceAssetDB has modification time of '2026-06-23T09:14:21.4362593Z' while content on disk has modification time of '2026-06-23T10:05:35.572721Z'
  ERROR: Build asset version error: assets/scripts/interfacetestscript.cs in SourceAssetDB has modification time of '2026-06-23T09:14:21.4362593Z' while content on disk has modification time of '2026-06-23T10:05:35.572721Z'
Number of updated asset objects reloaded before import = 0Number of asset objects unloaded after import = 0

========================================================================
Received Import Request.
  Time since last request: 0.000092 seconds.
  path: Assets/Scripts/InterfaceTestScript.cs
  importAddress: Guid(00cc19884bc2f5b4698f585c37c7edbd) Importer(815301076,1909f56bfc062723c751e8b465ee728b)
Start importing Assets/Scripts/InterfaceTestScript.cs using Guid(00cc19884bc2f5b4698f585c37c7edbd) Importer(815301076,1909f56bfc062723c751e8b465ee728b) (PreviewImporter) -> (Import Result ID: '00000000000000000000000000000000') in 0.0041014 seconds
Import Error Code:(4)
Message: Build asset version error: assets/scripts/interfacetestscript.cs in SourceAssetDB has modification time of '2026-06-23T09:14:21.4362593Z' while content on disk has modification time of '2026-06-23T10:05:35.572721Z'
  ERROR: Build asset version error: assets/scripts/interfacetestscript.cs in SourceAssetDB has modification time of '2026-06-23T09:14:21.4362593Z' while content on disk has modification time of '2026-06-23T10:05:35.572721Z'
Number of updated asset objects reloaded before import = 0Number of asset objects unloaded after import = 0

========================================================================
Received Import Request.
  Time since last request: 0.000126 seconds.
  path: Assets/Scripts/InterfaceTestScript.cs
  importAddress: Guid(00cc19884bc2f5b4698f585c37c7edbd) Importer(815301076,1909f56bfc062723c751e8b465ee728b)
Start importing Assets/Scripts/InterfaceTestScript.cs using Guid(00cc19884bc2f5b4698f585c37c7edbd) Importer(815301076,1909f56bfc062723c751e8b465ee728b) (PreviewImporter) -> (Import Result ID: '00000000000000000000000000000000') in 0.0061859 seconds
Import Error Code:(4)
Message: Build asset version error: assets/scripts/interfacetestscript.cs in SourceAssetDB has modification time of '2026-06-23T09:14:21.4362593Z' while content on disk has modification time of '2026-06-23T10:05:35.572721Z'
  ERROR: Build asset version error: assets/scripts/interfacetestscript.cs in SourceAssetDB has modification time of '2026-06-23T09:14:21.4362593Z' while content on disk has modification time of '2026-06-23T10:05:35.572721Z'
Number of updated asset objects reloaded before import = 0Number of asset objects unloaded after import = 0

========================================================================
Received Import Request.
  Time since last request: 0.000122 seconds.
  path: Assets/Scripts/InterfaceTestScript.cs
  importAddress: Guid(00cc19884bc2f5b4698f585c37c7edbd) Importer(815301076,1909f56bfc062723c751e8b465ee728b)
Start importing Assets/Scripts/InterfaceTestScript.cs using Guid(00cc19884bc2f5b4698f585c37c7edbd) Importer(815301076,1909f56bfc062723c751e8b465ee728b) (PreviewImporter) -> (Import Result ID: '00000000000000000000000000000000') in 0.0040383 seconds
Import Error Code:(4)
Message: Build asset version error: assets/scripts/interfacetestscript.cs in SourceAssetDB has modification time of '2026-06-23T09:14:21.4362593Z' while content on disk has modification time of '2026-06-23T10:05:35.572721Z'
  ERROR: Build asset version error: assets/scripts/interfacetestscript.cs in SourceAssetDB has modification time of '2026-06-23T09:14:21.4362593Z' while content on disk has modification time of '2026-06-23T10:05:35.572721Z'
Number of updated asset objects reloaded before import = 0Number of asset objects unloaded after import = 0

========================================================================
Received Import Request.
  Time since last request: 0.000141 seconds.
  path: Assets/Scripts/InterfaceTestScript.cs
  importAddress: Guid(00cc19884bc2f5b4698f585c37c7edbd) Importer(815301076,1909f56bfc062723c751e8b465ee728b)
Start importing Assets/Scripts/InterfaceTestScript.cs using Guid(00cc19884bc2f5b4698f585c37c7edbd) Importer(815301076,1909f56bfc062723c751e8b465ee728b) (PreviewImporter) -> (Import Result ID: '00000000000000000000000000000000') in 0.0067411 seconds
Import Error Code:(4)
Message: Build asset version error: assets/scripts/interfacetestscript.cs in SourceAssetDB has modification time of '2026-06-23T09:14:21.4362593Z' while content on disk has modification time of '2026-06-23T10:05:35.572721Z'
  ERROR: Build asset version error: assets/scripts/interfacetestscript.cs in SourceAssetDB has modification time of '2026-06-23T09:14:21.4362593Z' while content on disk has modification time of '2026-06-23T10:05:35.572721Z'
Number of updated asset objects reloaded before import = 0Number of asset objects unloaded after import = 0

========================================================================
Received Import Request.
  Time since last request: 0.000094 seconds.
  path: Assets/Scripts/InterfaceTestScript.cs
  importAddress: Guid(00cc19884bc2f5b4698f585c37c7edbd) Importer(815301076,1909f56bfc062723c751e8b465ee728b)
Start importing Assets/Scripts/InterfaceTestScript.cs using Guid(00cc19884bc2f5b4698f585c37c7edbd) Importer(815301076,1909f56bfc062723c751e8b465ee728b) (PreviewImporter) -> (Import Result ID: '00000000000000000000000000000000') in 0.0031842 seconds
Import Error Code:(4)
Message: Build asset version error: assets/scripts/interfacetestscript.cs in SourceAssetDB has modification time of '2026-06-23T09:14:21.4362593Z' while content on disk has modification time of '2026-06-23T10:05:35.572721Z'
  ERROR: Build asset version error: assets/scripts/interfacetestscript.cs in SourceAssetDB has modification time of '2026-06-23T09:14:21.4362593Z' while content on disk has modification time of '2026-06-23T10:05:35.572721Z'
Number of updated asset objects reloaded before import = 0Number of asset objects unloaded after import = 0

========================================================================
Received Import Request.
  Time since last request: 0.000167 seconds.
  path: Assets/Scripts/InterfaceTestScript.cs
  importAddress: Guid(00cc19884bc2f5b4698f585c37c7edbd) Importer(815301076,1909f56bfc062723c751e8b465ee728b)
Start importing Assets/Scripts/InterfaceTestScript.cs using Guid(00cc19884bc2f5b4698f585c37c7edbd) Importer(815301076,1909f56bfc062723c751e8b465ee728b) (PreviewImporter) -> (Import Result ID: '00000000000000000000000000000000') in 0.0113481 seconds
Import Error Code:(4)
Message: Build asset version error: assets/scripts/interfacetestscript.cs in SourceAssetDB has modification time of '2026-06-23T09:14:21.4362593Z' while content on disk has modification time of '2026-06-23T10:05:35.572721Z'
  ERROR: Build asset version error: assets/scripts/interfacetestscript.cs in SourceAssetDB has modification time of '2026-06-23T09:14:21.4362593Z' while content on disk has modification time of '2026-06-23T10:05:35.572721Z'
Number of updated asset objects reloaded before import = 0Number of asset objects unloaded after import = 0

========================================================================
Received Import Request.
  Time since last request: 0.000107 seconds.
  path: Assets/Scripts/InterfaceTestScript.cs
  importAddress: Guid(00cc19884bc2f5b4698f585c37c7edbd) Importer(815301076,1909f56bfc062723c751e8b465ee728b)
Start importing Assets/Scripts/InterfaceTestScript.cs using Guid(00cc19884bc2f5b4698f585c37c7edbd) Importer(815301076,1909f56bfc062723c751e8b465ee728b) (PreviewImporter) -> (Import Result ID: '00000000000000000000000000000000') in 0.0037686 seconds
Import Error Code:(4)
Message: Build asset version error: assets/scripts/interfacetestscript.cs in SourceAssetDB has modification time of '2026-06-23T09:14:21.4362593Z' while content on disk has modification time of '2026-06-23T10:05:35.572721Z'
  ERROR: Build asset version error: assets/scripts/interfacetestscript.cs in SourceAssetDB has modification time of '2026-06-23T09:14:21.4362593Z' while content on disk has modification time of '2026-06-23T10:05:35.572721Z'
Number of updated asset objects reloaded before import = 0Number of asset objects unloaded after import = 0

========================================================================
Received Import Request.
  Time since last request: 0.000110 seconds.
  path: Assets/Scripts/InterfaceTestScript.cs
  importAddress: Guid(00cc19884bc2f5b4698f585c37c7edbd) Importer(815301076,1909f56bfc062723c751e8b465ee728b)
Start importing Assets/Scripts/InterfaceTestScript.cs using Guid(00cc19884bc2f5b4698f585c37c7edbd) Importer(815301076,1909f56bfc062723c751e8b465ee728b) (PreviewImporter) -> (Import Result ID: '00000000000000000000000000000000') in 0.0310095 seconds
Import Error Code:(4)
Message: Build asset version error: assets/scripts/interfacetestscript.cs in SourceAssetDB has modification time of '2026-06-23T09:14:21.4362593Z' while content on disk has modification time of '2026-06-23T10:05:35.572721Z'
  ERROR: Build asset version error: assets/scripts/interfacetestscript.cs in SourceAssetDB has modification time of '2026-06-23T09:14:21.4362593Z' while content on disk has modification time of '2026-06-23T10:05:35.572721Z'
Number of updated asset objects reloaded before import = 0Number of asset objects unloaded after import = 0

========================================================================
Received Import Request.
  Time since last request: 0.000129 seconds.
  path: Assets/Scripts/InterfaceTestScript.cs
  importAddress: Guid(00cc19884bc2f5b4698f585c37c7edbd) Importer(815301076,1909f56bfc062723c751e8b465ee728b)
Start importing Assets/Scripts/InterfaceTestScript.cs using Guid(00cc19884bc2f5b4698f585c37c7edbd) Importer(815301076,1909f56bfc062723c751e8b465ee728b) (PreviewImporter) -> (Import Result ID: '00000000000000000000000000000000') in 0.00365 seconds
Import Error Code:(4)
Message: Build asset version error: assets/scripts/interfacetestscript.cs in SourceAssetDB has modification time of '2026-06-23T09:14:21.4362593Z' while content on disk has modification time of '2026-06-23T10:05:35.572721Z'
  ERROR: Build asset version error: assets/scripts/interfacetestscript.cs in SourceAssetDB has modification time of '2026-06-23T09:14:21.4362593Z' while content on disk has modification time of '2026-06-23T10:05:35.572721Z'
Number of updated asset objects reloaded before import = 0Number of asset objects unloaded after import = 0

========================================================================
Received Import Request.
  Time since last request: 0.000146 seconds.
  path: Assets/Scripts/InterfaceTestScript.cs
  importAddress: Guid(00cc19884bc2f5b4698f585c37c7edbd) Importer(815301076,1909f56bfc062723c751e8b465ee728b)
Start importing Assets/Scripts/InterfaceTestScript.cs using Guid(00cc19884bc2f5b4698f585c37c7edbd) Importer(815301076,1909f56bfc062723c751e8b465ee728b) (PreviewImporter) -> (Import Result ID: '00000000000000000000000000000000') in 0.0038561 seconds
Import Error Code:(4)
Message: Build asset version error: assets/scripts/interfacetestscript.cs in SourceAssetDB has modification time of '2026-06-23T09:14:21.4362593Z' while content on disk has modification time of '2026-06-23T10:05:35.572721Z'
  ERROR: Build asset version error: assets/scripts/interfacetestscript.cs in SourceAssetDB has modification time of '2026-06-23T09:14:21.4362593Z' while content on disk has modification time of '2026-06-23T10:05:35.572721Z'
Number of updated asset objects reloaded before import = 0Number of asset objects unloaded after import = 0

========================================================================
Received Import Request.
  Time since last request: 0.000120 seconds.
  path: Assets/Scripts/InterfaceTestScript.cs
  importAddress: Guid(00cc19884bc2f5b4698f585c37c7edbd) Importer(815301076,1909f56bfc062723c751e8b465ee728b)
Start importing Assets/Scripts/InterfaceTestScript.cs using Guid(00cc19884bc2f5b4698f585c37c7edbd) Importer(815301076,1909f56bfc062723c751e8b465ee728b) (PreviewImporter) -> (Import Result ID: '00000000000000000000000000000000') in 0.0038632 seconds
Import Error Code:(4)
Message: Build asset version error: assets/scripts/interfacetestscript.cs in SourceAssetDB has modification time of '2026-06-23T09:14:21.4362593Z' while content on disk has modification time of '2026-06-23T10:05:35.572721Z'
  ERROR: Build asset version error: assets/scripts/interfacetestscript.cs in SourceAssetDB has modification time of '2026-06-23T09:14:21.4362593Z' while content on disk has modification time of '2026-06-23T10:05:35.572721Z'
Number of updated asset objects reloaded before import = 0Number of asset objects unloaded after import = 0

========================================================================
Received Import Request.
  Time since last request: 0.000162 seconds.
  path: Assets/Scripts/InterfaceTestScript.cs
  importAddress: Guid(00cc19884bc2f5b4698f585c37c7edbd) Importer(815301076,1909f56bfc062723c751e8b465ee728b)
Start importing Assets/Scripts/InterfaceTestScript.cs using Guid(00cc19884bc2f5b4698f585c37c7edbd) Importer(815301076,1909f56bfc062723c751e8b465ee728b) (PreviewImporter) -> (Import Result ID: '00000000000000000000000000000000') in 0.0031496 seconds
Import Error Code:(4)
Message: Build asset version error: assets/scripts/interfacetestscript.cs in SourceAssetDB has modification time of '2026-06-23T09:14:21.4362593Z' while content on disk has modification time of '2026-06-23T10:05:35.572721Z'
  ERROR: Build asset version error: assets/scripts/interfacetestscript.cs in SourceAssetDB has modification time of '2026-06-23T09:14:21.4362593Z' while content on disk has modification time of '2026-06-23T10:05:35.572721Z'
Number of updated asset objects reloaded before import = 0Number of asset objects unloaded after import = 0

========================================================================
Received Import Request.
  Time since last request: 0.000110 seconds.
  path: Assets/Scripts/InterfaceTestScript.cs
  importAddress: Guid(00cc19884bc2f5b4698f585c37c7edbd) Importer(815301076,1909f56bfc062723c751e8b465ee728b)
Start importing Assets/Scripts/InterfaceTestScript.cs using Guid(00cc19884bc2f5b4698f585c37c7edbd) Importer(815301076,1909f56bfc062723c751e8b465ee728b) (PreviewImporter) -> (Import Result ID: '00000000000000000000000000000000') in 0.0040149 seconds
Import Error Code:(4)
Message: Build asset version error: assets/scripts/interfacetestscript.cs in SourceAssetDB has modification time of '2026-06-23T09:14:21.4362593Z' while content on disk has modification time of '2026-06-23T10:05:35.572721Z'
  ERROR: Build asset version error: assets/scripts/interfacetestscript.cs in SourceAssetDB has modification time of '2026-06-23T09:14:21.4362593Z' while content on disk has modification time of '2026-06-23T10:05:35.572721Z'
Number of updated asset objects reloaded before import = 0Number of asset objects unloaded after import = 0

========================================================================
Received Import Request.
  Time since last request: 0.000140 seconds.
  path: Assets/Scripts/InterfaceTestScript.cs
  importAddress: Guid(00cc19884bc2f5b4698f585c37c7edbd) Importer(815301076,1909f56bfc062723c751e8b465ee728b)
Start importing Assets/Scripts/InterfaceTestScript.cs using Guid(00cc19884bc2f5b4698f585c37c7edbd) Importer(815301076,1909f56bfc062723c751e8b465ee728b) (PreviewImporter) -> (Import Result ID: '00000000000000000000000000000000') in 0.0551566 seconds
Import Error Code:(4)
Message: Build asset version error: assets/scripts/interfacetestscript.cs in SourceAssetDB has modification time of '2026-06-23T09:14:21.4362593Z' while content on disk has modification time of '2026-06-23T10:05:35.572721Z'
  ERROR: Build asset version error: assets/scripts/interfacetestscript.cs in SourceAssetDB has modification time of '2026-06-23T09:14:21.4362593Z' while content on disk has modification time of '2026-06-23T10:05:35.572721Z'
Number of updated asset objects reloaded before import = 0Number of asset objects unloaded after import = 0

========================================================================
Received Import Request.
  Time since last request: 0.000089 seconds.
  path: Assets/Scripts/InterfaceTestScript.cs
  importAddress: Guid(00cc19884bc2f5b4698f585c37c7edbd) Importer(815301076,1909f56bfc062723c751e8b465ee728b)
Start importing Assets/Scripts/InterfaceTestScript.cs using Guid(00cc19884bc2f5b4698f585c37c7edbd) Importer(815301076,1909f56bfc062723c751e8b465ee728b) (PreviewImporter) -> (Import Result ID: '00000000000000000000000000000000') in 0.0038825 seconds
Import Error Code:(4)
Message: Build asset version error: assets/scripts/interfacetestscript.cs in SourceAssetDB has modification time of '2026-06-23T09:14:21.4362593Z' while content on disk has modification time of '2026-06-23T10:05:35.572721Z'
  ERROR: Build asset version error: assets/scripts/interfacetestscript.cs in SourceAssetDB has modification time of '2026-06-23T09:14:21.4362593Z' while content on disk has modification time of '2026-06-23T10:05:35.572721Z'
Number of updated asset objects reloaded before import = 0Number of asset objects unloaded after import = 0

========================================================================
Received Import Request.
  Time since last request: 0.000176 seconds.
  path: Assets/Scripts/InterfaceTestScript.cs
  importAddress: Guid(00cc19884bc2f5b4698f585c37c7edbd) Importer(815301076,1909f56bfc062723c751e8b465ee728b)
Start importing Assets/Scripts/InterfaceTestScript.cs using Guid(00cc19884bc2f5b4698f585c37c7edbd) Importer(815301076,1909f56bfc062723c751e8b465ee728b) (PreviewImporter) -> (Import Result ID: '00000000000000000000000000000000') in 0.0048398 seconds
Import Error Code:(4)
Message: Build asset version error: assets/scripts/interfacetestscript.cs in SourceAssetDB has modification time of '2026-06-23T09:14:21.4362593Z' while content on disk has modification time of '2026-06-23T10:05:35.572721Z'
  ERROR: Build asset version error: assets/scripts/interfacetestscript.cs in SourceAssetDB has modification time of '2026-06-23T09:14:21.4362593Z' while content on disk has modification time of '2026-06-23T10:05:35.572721Z'
Number of updated asset objects reloaded before import = 0Number of asset objects unloaded after import = 0

========================================================================
Received Import Request.
  Time since last request: 0.001137 seconds.
  path: Assets/Scripts/InterfaceTestScript.cs
  importAddress: Guid(00cc19884bc2f5b4698f585c37c7edbd) Importer(815301076,1909f56bfc062723c751e8b465ee728b)
Start importing Assets/Scripts/InterfaceTestScript.cs using Guid(00cc19884bc2f5b4698f585c37c7edbd) Importer(815301076,1909f56bfc062723c751e8b465ee728b) (PreviewImporter) -> (Import Result ID: '00000000000000000000000000000000') in 0.0063179 seconds
Import Error Code:(4)
Message: Build asset version error: assets/scripts/interfacetestscript.cs in SourceAssetDB has modification time of '2026-06-23T09:14:21.4362593Z' while content on disk has modification time of '2026-06-23T10:05:35.572721Z'
  ERROR: Build asset version error: assets/scripts/interfacetestscript.cs in SourceAssetDB has modification time of '2026-06-23T09:14:21.4362593Z' while content on disk has modification time of '2026-06-23T10:05:35.572721Z'
Number of updated asset objects reloaded before import = 0Number of asset objects unloaded after import = 0

========================================================================
Received Import Request.
  Time since last request: 0.000275 seconds.
  path: Assets/Scripts/InterfaceTestScript.cs
  importAddress: Guid(00cc19884bc2f5b4698f585c37c7edbd) Importer(815301076,1909f56bfc062723c751e8b465ee728b)
Start importing Assets/Scripts/InterfaceTestScript.cs using Guid(00cc19884bc2f5b4698f585c37c7edbd) Importer(815301076,1909f56bfc062723c751e8b465ee728b) (PreviewImporter) -> (Import Result ID: '00000000000000000000000000000000') in 0.0045848 seconds
Import Error Code:(4)
Message: Build asset version error: assets/scripts/interfacetestscript.cs in SourceAssetDB has modification time of '2026-06-23T09:14:21.4362593Z' while content on disk has modification time of '2026-06-23T10:05:35.572721Z'
  ERROR: Build asset version error: assets/scripts/interfacetestscript.cs in SourceAssetDB has modification time of '2026-06-23T09:14:21.4362593Z' while content on disk has modification time of '2026-06-23T10:05:35.572721Z'
Number of updated asset objects reloaded before import = 0Number of asset objects unloaded after import = 0

========================================================================
Received Import Request.
  Time since last request: 0.000109 seconds.
  path: Assets/Scripts/InterfaceTestScript.cs
  importAddress: Guid(00cc19884bc2f5b4698f585c37c7edbd) Importer(815301076,1909f56bfc062723c751e8b465ee728b)
Start importing Assets/Scripts/InterfaceTestScript.cs using Guid(00cc19884bc2f5b4698f585c37c7edbd) Importer(815301076,1909f56bfc062723c751e8b465ee728b) (PreviewImporter) -> (Import Result ID: '00000000000000000000000000000000') in 0.00457 seconds
Import Error Code:(4)
Message: Build asset version error: assets/scripts/interfacetestscript.cs in SourceAssetDB has modification time of '2026-06-23T09:14:21.4362593Z' while content on disk has modification time of '2026-06-23T10:05:35.572721Z'
  ERROR: Build asset version error: assets/scripts/interfacetestscript.cs in SourceAssetDB has modification time of '2026-06-23T09:14:21.4362593Z' while content on disk has modification time of '2026-06-23T10:05:35.572721Z'
Number of updated asset objects reloaded before import = 0Number of asset objects unloaded after import = 0

========================================================================
Received Import Request.
  Time since last request: 0.000139 seconds.
  path: Assets/Scripts/InterfaceTestScript.cs
  importAddress: Guid(00cc19884bc2f5b4698f585c37c7edbd) Importer(815301076,1909f56bfc062723c751e8b465ee728b)
Start importing Assets/Scripts/InterfaceTestScript.cs using Guid(00cc19884bc2f5b4698f585c37c7edbd) Importer(815301076,1909f56bfc062723c751e8b465ee728b) (PreviewImporter) -> (Import Result ID: '00000000000000000000000000000000') in 0.1554886 seconds
Import Error Code:(4)
Message: Build asset version error: assets/scripts/interfacetestscript.cs in SourceAssetDB has modification time of '2026-06-23T09:14:21.4362593Z' while content on disk has modification time of '2026-06-23T10:05:35.572721Z'
  ERROR: Build asset version error: assets/scripts/interfacetestscript.cs in SourceAssetDB has modification time of '2026-06-23T09:14:21.4362593Z' while content on disk has modification time of '2026-06-23T10:05:35.572721Z'
Number of updated asset objects reloaded before import = 0Number of asset objects unloaded after import = 0

========================================================================
Received Import Request.
  Time since last request: 0.000145 seconds.
  path: Assets/Scripts/InterfaceTestScript.cs
  importAddress: Guid(00cc19884bc2f5b4698f585c37c7edbd) Importer(815301076,1909f56bfc062723c751e8b465ee728b)
Start importing Assets/Scripts/InterfaceTestScript.cs using Guid(00cc19884bc2f5b4698f585c37c7edbd) Importer(815301076,1909f56bfc062723c751e8b465ee728b) (PreviewImporter) -> (Import Result ID: '00000000000000000000000000000000') in 0.0033846 seconds
Import Error Code:(4)
Message: Build asset version error: assets/scripts/interfacetestscript.cs in SourceAssetDB has modification time of '2026-06-23T09:14:21.4362593Z' while content on disk has modification time of '2026-06-23T10:05:35.572721Z'
  ERROR: Build asset version error: assets/scripts/interfacetestscript.cs in SourceAssetDB has modification time of '2026-06-23T09:14:21.4362593Z' while content on disk has modification time of '2026-06-23T10:05:35.572721Z'
Number of updated asset objects reloaded before import = 0Number of asset objects unloaded after import = 0

========================================================================
Received Import Request.
  Time since last request: 0.000184 seconds.
  path: Assets/Scripts/InterfaceTestScript.cs
  importAddress: Guid(00cc19884bc2f5b4698f585c37c7edbd) Importer(815301076,1909f56bfc062723c751e8b465ee728b)
Start importing Assets/Scripts/InterfaceTestScript.cs using Guid(00cc19884bc2f5b4698f585c37c7edbd) Importer(815301076,1909f56bfc062723c751e8b465ee728b) (PreviewImporter) -> (Import Result ID: '00000000000000000000000000000000') in 0.0054071 seconds
Import Error Code:(4)
Message: Build asset version error: assets/scripts/interfacetestscript.cs in SourceAssetDB has modification time of '2026-06-23T09:14:21.4362593Z' while content on disk has modification time of '2026-06-23T10:05:35.572721Z'
  ERROR: Build asset version error: assets/scripts/interfacetestscript.cs in SourceAssetDB has modification time of '2026-06-23T09:14:21.4362593Z' while content on disk has modification time of '2026-06-23T10:05:35.572721Z'
Number of updated asset objects reloaded before import = 0Number of asset objects unloaded after import = 0

========================================================================
Received Import Request.
  Time since last request: 0.000142 seconds.
  path: Assets/Scripts/InterfaceTestScript.cs
  importAddress: Guid(00cc19884bc2f5b4698f585c37c7edbd) Importer(815301076,1909f56bfc062723c751e8b465ee728b)
Start importing Assets/Scripts/InterfaceTestScript.cs using Guid(00cc19884bc2f5b4698f585c37c7edbd) Importer(815301076,1909f56bfc062723c751e8b465ee728b) (PreviewImporter) -> (Import Result ID: '00000000000000000000000000000000') in 0.0043285 seconds
Import Error Code:(4)
Message: Build asset version error: assets/scripts/interfacetestscript.cs in SourceAssetDB has modification time of '2026-06-23T09:14:21.4362593Z' while content on disk has modification time of '2026-06-23T10:05:35.572721Z'
  ERROR: Build asset version error: assets/scripts/interfacetestscript.cs in SourceAssetDB has modification time of '2026-06-23T09:14:21.4362593Z' while content on disk has modification time of '2026-06-23T10:05:35.572721Z'
Number of updated asset objects reloaded before import = 0Number of asset objects unloaded after import = 0

========================================================================
Received Import Request.
  Time since last request: 0.000122 seconds.
  path: Assets/Scripts/InterfaceTestScript.cs
  importAddress: Guid(00cc19884bc2f5b4698f585c37c7edbd) Importer(815301076,1909f56bfc062723c751e8b465ee728b)
Start importing Assets/Scripts/InterfaceTestScript.cs using Guid(00cc19884bc2f5b4698f585c37c7edbd) Importer(815301076,1909f56bfc062723c751e8b465ee728b) (PreviewImporter) -> (Import Result ID: '00000000000000000000000000000000') in 0.0041892 seconds
Import Error Code:(4)
Message: Build asset version error: assets/scripts/interfacetestscript.cs in SourceAssetDB has modification time of '2026-06-23T09:14:21.4362593Z' while content on disk has modification time of '2026-06-23T10:05:35.572721Z'
  ERROR: Build asset version error: assets/scripts/interfacetestscript.cs in SourceAssetDB has modification time of '2026-06-23T09:14:21.4362593Z' while content on disk has modification time of '2026-06-23T10:05:35.572721Z'
Number of updated asset objects reloaded before import = 0Number of asset objects unloaded after import = 0

========================================================================
Received Import Request.
  Time since last request: 0.000151 seconds.
  path: Assets/Scripts/InterfaceTestScript.cs
  importAddress: Guid(00cc19884bc2f5b4698f585c37c7edbd) Importer(815301076,1909f56bfc062723c751e8b465ee728b)
Start importing Assets/Scripts/InterfaceTestScript.cs using Guid(00cc19884bc2f5b4698f585c37c7edbd) Importer(815301076,1909f56bfc062723c751e8b465ee728b) (PreviewImporter) -> (Import Result ID: '00000000000000000000000000000000') in 0.0057548 seconds
Import Error Code:(4)
Message: Build asset version error: assets/scripts/interfacetestscript.cs in SourceAssetDB has modification time of '2026-06-23T09:14:21.4362593Z' while content on disk has modification time of '2026-06-23T10:05:35.572721Z'
  ERROR: Build asset version error: assets/scripts/interfacetestscript.cs in SourceAssetDB has modification time of '2026-06-23T09:14:21.4362593Z' while content on disk has modification time of '2026-06-23T10:05:35.572721Z'
Number of updated asset objects reloaded before import = 0Number of asset objects unloaded after import = 0

========================================================================
Received Import Request.
  Time since last request: 0.000492 seconds.
  path: Assets/Scripts/InterfaceTestScript.cs
  importAddress: Guid(00cc19884bc2f5b4698f585c37c7edbd) Importer(815301076,1909f56bfc062723c751e8b465ee728b)
Start importing Assets/Scripts/InterfaceTestScript.cs using Guid(00cc19884bc2f5b4698f585c37c7edbd) Importer(815301076,1909f56bfc062723c751e8b465ee728b) (PreviewImporter) -> (Import Result ID: '00000000000000000000000000000000') in 0.0066585 seconds
Import Error Code:(4)
Message: Build asset version error: assets/scripts/interfacetestscript.cs in SourceAssetDB has modification time of '2026-06-23T09:14:21.4362593Z' while content on disk has modification time of '2026-06-23T10:05:35.572721Z'
  ERROR: Build asset version error: assets/scripts/interfacetestscript.cs in SourceAssetDB has modification time of '2026-06-23T09:14:21.4362593Z' while content on disk has modification time of '2026-06-23T10:05:35.572721Z'
Number of updated asset objects reloaded before import = 0Number of asset objects unloaded after import = 0

========================================================================
Received Import Request.
  Time since last request: 0.000663 seconds.
  path: Assets/Scripts/InterfaceTestScript.cs
  importAddress: Guid(00cc19884bc2f5b4698f585c37c7edbd) Importer(815301076,1909f56bfc062723c751e8b465ee728b)
Start importing Assets/Scripts/InterfaceTestScript.cs using Guid(00cc19884bc2f5b4698f585c37c7edbd) Importer(815301076,1909f56bfc062723c751e8b465ee728b) (PreviewImporter) -> (Import Result ID: '95a15286c75b4db4c9b9d4b6fcb4f91c') in 0.0130754 seconds [static and dynamic dependencies]. Details - ImportResultOutputID=3f3029e3245575391ddff301c335bd6c DependenciesID=eb88362b0788dccd0392a1a8872d76ef StaticDependenciesID=6922daaca18fcb94fd6f1e408a4b3393 
Number of updated asset objects reloaded before import = 0Number of asset objects unloaded after import = 0

========================================================================
Received Prepare
Refreshing native plugins compatible for Editor in 53.27 ms, found 4 plugins.
Unloading 24 Unused Serialized files (Serialized files now loaded: 0)
Unloading 6521 unused Assets / (2.9 MB). Loaded Objects now: 7343.
Memory consumption went from 148.9 MB to 145.9 MB.
Total: 4083.767200 ms (FindLiveObjects: 105.836800 ms CreateObjectMapping: 48.397700 ms MarkObjects: 3893.731500 ms  DeleteObjects: 35.341700 ms)

Prepare: number of updated asset objects reloaded= 0
========================================================================
Received Import Request.
  Time since last request: 66.897302 seconds.
  path: Assets/Scripts/InterfaceTestScript.cs
  importAddress: Guid(00cc19884bc2f5b4698f585c37c7edbd) Importer(815301076,1909f56bfc062723c751e8b465ee728b)
Start importing Assets/Scripts/InterfaceTestScript.cs using Guid(00cc19884bc2f5b4698f585c37c7edbd) Importer(815301076,1909f56bfc062723c751e8b465ee728b) (PreviewImporter) -> (Import Result ID: 'eadbfce7310974d71deb42f75874cd91') in 0.0334265 seconds [static and dynamic dependencies]. Details - ImportResultOutputID=3f3029e3245575391ddff301c335bd6c DependenciesID=c6217b22fad195e83e04b1eca9253256 StaticDependenciesID=5f07052fb2a1d2784214f43003d861d1 
Number of updated asset objects reloaded before import = 0Number of asset objects unloaded after import = 0

========================================================================
Received Prepare
Begin MonoManager ReloadAssembly
[Licensing::Client] Successfully resolved entitlement details
Assembly Assembly-CSharp-Editor-firstpass.dll at Library/ScriptAssemblies/Assembly-CSharp-Editor-firstpass.dll not valid. Loading of assembly skipped.
Assembly Assembly-CSharp-firstpass.dll at Library/ScriptAssemblies/Assembly-CSharp-firstpass.dll not valid. Loading of assembly skipped.
Assembly DocCodeExamples.dll at Library/ScriptAssemblies/DocCodeExamples.dll not valid. Loading of assembly skipped.
Assembly TestNewCustomAssembly.dll at Library/ScriptAssemblies/TestNewCustomAssembly.dll not valid. Loading of assembly skipped.
Assembly Unity.Collections.BurstCompatibilityGen.dll at Library/ScriptAssemblies/Unity.Collections.BurstCompatibilityGen.dll not valid. Loading of assembly skipped.
Assembly Unity.Collections.DocCodeSamples.dll at Library/ScriptAssemblies/Unity.Collections.DocCodeSamples.dll not valid. Loading of assembly skipped.
Assembly Unity.Collections.PerformanceTests.dll at Library/ScriptAssemblies/Unity.Collections.PerformanceTests.dll not valid. Loading of assembly skipped.
Assembly Unity.Collections.Tests.dll at Library/ScriptAssemblies/Unity.Collections.Tests.dll not valid. Loading of assembly skipped.
Assembly Unity.Collections.Tests.Playmode.dll at Library/ScriptAssemblies/Unity.Collections.Tests.Playmode.dll not valid. Loading of assembly skipped.
Assembly Unity.InputSystem.IntegrationTests.dll at Library/ScriptAssemblies/Unity.InputSystem.IntegrationTests.dll not valid. Loading of assembly skipped.
Assembly Unity.Mathematics.Tests.dll at Library/ScriptAssemblies/Unity.Mathematics.Tests.dll not valid. Loading of assembly skipped.
Assembly Unity.Multiplayer.Center.Editor.Tests.dll at Library/ScriptAssemblies/Unity.Multiplayer.Center.Editor.Tests.dll not valid. Loading of assembly skipped.
Assembly Unity.Multiplayer.Center.Tests.dll at Library/ScriptAssemblies/Unity.Multiplayer.Center.Tests.dll not valid. Loading of assembly skipped.
Assembly Unity.Nuget.Mono-Cecil.dll at Library/ScriptAssemblies/Unity.Nuget.Mono-Cecil.dll not valid. Loading of assembly skipped.
Assembly Unity.PathTracing.Editor.Tests.dll at Library/ScriptAssemblies/Unity.PathTracing.Editor.Tests.dll not valid. Loading of assembly skipped.
Assembly Unity.PathTracing.Runtime.Tests.dll at Library/ScriptAssemblies/Unity.PathTracing.Runtime.Tests.dll not valid. Loading of assembly skipped.
Assembly Unity.RenderPipelines.Core.Editor.Tests.dll at Library/ScriptAssemblies/Unity.RenderPipelines.Core.Editor.Tests.dll not valid. Loading of assembly skipped.
Assembly Unity.RenderPipelines.Core.Runtime.Tests.dll at Library/ScriptAssemblies/Unity.RenderPipelines.Core.Runtime.Tests.dll not valid. Loading of assembly skipped.
Assembly Unity.RenderPipelines.Universal.Config.Editor.Tests.dll at Library/ScriptAssemblies/Unity.RenderPipelines.Universal.Config.Editor.Tests.dll not valid. Loading of assembly skipped.
Assembly Unity.RenderPipelines.Universal.Editor.Tests.dll at Library/ScriptAssemblies/Unity.RenderPipelines.Universal.Editor.Tests.dll not valid. Loading of assembly skipped.
Assembly Unity.RenderPipelines.Universal.Runtime.Tests.dll at Library/ScriptAssemblies/Unity.RenderPipelines.Universal.Runtime.Tests.dll not valid. Loading of assembly skipped.
Assembly Unity.Searcher.EditorTests.dll at Library/ScriptAssemblies/Unity.Searcher.EditorTests.dll not valid. Loading of assembly skipped.
Assembly Unity.ShaderGraph.Editor.Tests.dll at Library/ScriptAssemblies/Unity.ShaderGraph.Editor.Tests.dll not valid. Loading of assembly skipped.
Assembly Unity.TextMeshPro.Editor.Tests.dll at Library/ScriptAssemblies/Unity.TextMeshPro.Editor.Tests.dll not valid. Loading of assembly skipped.
Assembly Unity.TextMeshPro.Tests.dll at Library/ScriptAssemblies/Unity.TextMeshPro.Tests.dll not valid. Loading of assembly skipped.
Assembly Unity.UnifiedRayTracing.Editor.Tests.dll at Library/ScriptAssemblies/Unity.UnifiedRayTracing.Editor.Tests.dll not valid. Loading of assembly skipped.
Assembly UnityEditor.UI.Common.Tests.dll at Library/ScriptAssemblies/UnityEditor.UI.Common.Tests.dll not valid. Loading of assembly skipped.
Assembly UnityEditor.UI.EditorTests.dll at Library/ScriptAssemblies/UnityEditor.UI.EditorTests.dll not valid. Loading of assembly skipped.
Assembly UnityEngine.UI.Tests.dll at Library/ScriptAssemblies/UnityEngine.UI.Tests.dll not valid. Loading of assembly skipped.
Refreshing native plugins compatible for Editor in 63.10 ms, found 4 plugins.
Native extension for LinuxStandalone target not found
Native extension for Android target not found
Native extension for WindowsStandalone target not found
Native extension for OSXStandalone target not found
Native extension for WebGL target not found
[Package Manager] Failed to launch server process. Reason: Unity was launched with the -noUpm command-line argument
[Package Manager] Unable to send message (not connected to server process).
[Package Manager] Cannot connect to Unity Package Manager local server
[Package Manager] Failed to launch server process. Reason: Unity was launched with the -noUpm command-line argument
[Package Manager] Unable to send message (not connected to server process).
[Package Manager] Cannot connect to Unity Package Manager local server
ScheduleIndexationOnStartup MainProcess:False IndexOnStartup:True
Mono: successfully reloaded assembly
- Finished resetting the current domain, in 79.885 seconds
Domain Reload Profiling: 169451ms
	BeginReloadAssembly (27135ms)
		ExecutionOrderSort (28ms)
		DisableScriptedObjects (736ms)
		ReleaseScriptingObjects (137ms)
		CreateAndSetChildDomain (8951ms)
	RebuildCommonClasses (1133ms)
	RebuildNativeTypeToScriptingClass (529ms)
	initialDomainReloadingComplete (1064ms)
	LoadAllAssembliesAndSetupDomain (59685ms)
		LoadAssemblies (45968ms)
		AnalyzeDomain (26193ms)
			TypeCache.Refresh (651ms)
				TypeCache.ScanAssembly (18ms)
			BuildScriptInfoCaches (23788ms)
			ResolveRequiredComponents (1499ms)
	FinalizeReload (79904ms)
		SetupLoadedEditorAssemblies (0ms)
			InitializePlatformSupportModulesInManaged (2498ms)
			BeforeProcessingInitializeOnLoad (6416ms)
			ProcessInitializeOnLoadAttributes (32468ms)
			ProcessInitializeOnLoadMethodAttributes (10106ms)
			AfterProcessingInitializeOnLoad (2187ms)
			EditorAssembliesLoaded (26ms)
		AwakeInstancesAfterBackupRestoration (3551ms)
Refreshing native plugins compatible for Editor in 226.45 ms, found 4 plugins.
Unloading 24 Unused Serialized files (Serialized files now loaded: 0)
Unloading 6532 unused Assets / (2.9 MB). Loaded Objects now: 7359.
Memory consumption went from 155.9 MB to 153.0 MB.
Total: 721.055800 ms (FindLiveObjects: 108.531300 ms CreateObjectMapping: 393.365900 ms MarkObjects: 153.127700 ms  DeleteObjects: 64.456900 ms)

Prepare: number of updated asset objects reloaded= 0
========================================================================
Received Prepare
Begin MonoManager ReloadAssembly
[Licensing::Client] Successfully resolved entitlement details
Assembly Assembly-CSharp-Editor-firstpass.dll at Library/ScriptAssemblies/Assembly-CSharp-Editor-firstpass.dll not valid. Loading of assembly skipped.
Assembly Assembly-CSharp-firstpass.dll at Library/ScriptAssemblies/Assembly-CSharp-firstpass.dll not valid. Loading of assembly skipped.
Assembly DocCodeExamples.dll at Library/ScriptAssemblies/DocCodeExamples.dll not valid. Loading of assembly skipped.
Assembly TestNewCustomAssembly.dll at Library/ScriptAssemblies/TestNewCustomAssembly.dll not valid. Loading of assembly skipped.
Assembly Unity.Collections.BurstCompatibilityGen.dll at Library/ScriptAssemblies/Unity.Collections.BurstCompatibilityGen.dll not valid. Loading of assembly skipped.
Assembly Unity.Collections.DocCodeSamples.dll at Library/ScriptAssemblies/Unity.Collections.DocCodeSamples.dll not valid. Loading of assembly skipped.
Assembly Unity.Collections.PerformanceTests.dll at Library/ScriptAssemblies/Unity.Collections.PerformanceTests.dll not valid. Loading of assembly skipped.
Assembly Unity.Collections.Tests.dll at Library/ScriptAssemblies/Unity.Collections.Tests.dll not valid. Loading of assembly skipped.
Assembly Unity.Collections.Tests.Playmode.dll at Library/ScriptAssemblies/Unity.Collections.Tests.Playmode.dll not valid. Loading of assembly skipped.
Assembly Unity.InputSystem.IntegrationTests.dll at Library/ScriptAssemblies/Unity.InputSystem.IntegrationTests.dll not valid. Loading of assembly skipped.
Assembly Unity.Mathematics.Tests.dll at Library/ScriptAssemblies/Unity.Mathematics.Tests.dll not valid. Loading of assembly skipped.
Assembly Unity.Multiplayer.Center.Editor.Tests.dll at Library/ScriptAssemblies/Unity.Multiplayer.Center.Editor.Tests.dll not valid. Loading of assembly skipped.
Assembly Unity.Multiplayer.Center.Tests.dll at Library/ScriptAssemblies/Unity.Multiplayer.Center.Tests.dll not valid. Loading of assembly skipped.
Assembly Unity.Nuget.Mono-Cecil.dll at Library/ScriptAssemblies/Unity.Nuget.Mono-Cecil.dll not valid. Loading of assembly skipped.
Assembly Unity.PathTracing.Editor.Tests.dll at Library/ScriptAssemblies/Unity.PathTracing.Editor.Tests.dll not valid. Loading of assembly skipped.
Assembly Unity.PathTracing.Runtime.Tests.dll at Library/ScriptAssemblies/Unity.PathTracing.Runtime.Tests.dll not valid. Loading of assembly skipped.
Assembly Unity.RenderPipelines.Core.Editor.Tests.dll at Library/ScriptAssemblies/Unity.RenderPipelines.Core.Editor.Tests.dll not valid. Loading of assembly skipped.
Assembly Unity.RenderPipelines.Core.Runtime.Tests.dll at Library/ScriptAssemblies/Unity.RenderPipelines.Core.Runtime.Tests.dll not valid. Loading of assembly skipped.
Assembly Unity.RenderPipelines.Universal.Config.Editor.Tests.dll at Library/ScriptAssemblies/Unity.RenderPipelines.Universal.Config.Editor.Tests.dll not valid. Loading of assembly skipped.
Assembly Unity.RenderPipelines.Universal.Editor.Tests.dll at Library/ScriptAssemblies/Unity.RenderPipelines.Universal.Editor.Tests.dll not valid. Loading of assembly skipped.
Assembly Unity.RenderPipelines.Universal.Runtime.Tests.dll at Library/ScriptAssemblies/Unity.RenderPipelines.Universal.Runtime.Tests.dll not valid. Loading of assembly skipped.
Assembly Unity.Searcher.EditorTests.dll at Library/ScriptAssemblies/Unity.Searcher.EditorTests.dll not valid. Loading of assembly skipped.
Assembly Unity.ShaderGraph.Editor.Tests.dll at Library/ScriptAssemblies/Unity.ShaderGraph.Editor.Tests.dll not valid. Loading of assembly skipped.
Assembly Unity.TextMeshPro.Editor.Tests.dll at Library/ScriptAssemblies/Unity.TextMeshPro.Editor.Tests.dll not valid. Loading of assembly skipped.
Assembly Unity.TextMeshPro.Tests.dll at Library/ScriptAssemblies/Unity.TextMeshPro.Tests.dll not valid. Loading of assembly skipped.
Assembly Unity.UnifiedRayTracing.Editor.Tests.dll at Library/ScriptAssemblies/Unity.UnifiedRayTracing.Editor.Tests.dll not valid. Loading of assembly skipped.
Assembly UnityEditor.UI.Common.Tests.dll at Library/ScriptAssemblies/UnityEditor.UI.Common.Tests.dll not valid. Loading of assembly skipped.
Assembly UnityEditor.UI.EditorTests.dll at Library/ScriptAssemblies/UnityEditor.UI.EditorTests.dll not valid. Loading of assembly skipped.
Assembly UnityEngine.UI.Tests.dll at Library/ScriptAssemblies/UnityEngine.UI.Tests.dll not valid. Loading of assembly skipped.
Refreshing native plugins compatible for Editor in 35.67 ms, found 4 plugins.
Native extension for LinuxStandalone target not found
Native extension for Android target not found
Native extension for WindowsStandalone target not found
Native extension for OSXStandalone target not found
Native extension for WebGL target not found
[Package Manager] Failed to launch server process. Reason: Unity was launched with the -noUpm command-line argument
[Package Manager] Unable to send message (not connected to server process).
[Package Manager] Cannot connect to Unity Package Manager local server
[Package Manager] Failed to launch server process. Reason: Unity was launched with the -noUpm command-line argument
[Package Manager] Unable to send message (not connected to server process).
[Package Manager] Cannot connect to Unity Package Manager local server
ScheduleIndexationOnStartup MainProcess:False IndexOnStartup:True
Mono: successfully reloaded assembly
- Finished resetting the current domain, in 30.980 seconds
Domain Reload Profiling: 115595ms
	BeginReloadAssembly (20805ms)
		DisableScriptedObjects (4407ms)
		CreateAndSetChildDomain (5619ms)
	RebuildCommonClasses (1252ms)
	RebuildNativeTypeToScriptingClass (526ms)
	initialDomainReloadingComplete (19182ms)
	LoadAllAssembliesAndSetupDomain (42832ms)
		LoadAssemblies (43140ms)
		AnalyzeDomain (4518ms)
			TypeCache.Refresh (90ms)
			BuildScriptInfoCaches (4160ms)
			ResolveRequiredComponents (235ms)
	FinalizeReload (30998ms)
		SetupLoadedEditorAssemblies (0ms)
			InitializePlatformSupportModulesInManaged (327ms)
			BeforeProcessingInitializeOnLoad (3167ms)
			ProcessInitializeOnLoadAttributes (21654ms)
			ProcessInitializeOnLoadMethodAttributes (1594ms)
			AfterProcessingInitializeOnLoad (99ms)
			EditorAssembliesLoaded (7ms)
		AwakeInstancesAfterBackupRestoration (335ms)
Refreshing native plugins compatible for Editor in 37.01 ms, found 4 plugins.
Unloading 24 Unused Serialized files (Serialized files now loaded: 0)
Unloading 6532 unused Assets / (3.9 MB). Loaded Objects now: 7362.
Memory consumption went from 158.3 MB to 154.4 MB.
Total: 138.940500 ms (FindLiveObjects: 16.775000 ms CreateObjectMapping: 4.871800 ms MarkObjects: 96.282900 ms  DeleteObjects: 20.987800 ms)

Prepare: number of updated asset objects reloaded= 0
========================================================================
Received Prepare
Refreshing native plugins compatible for Editor in 122.33 ms, found 4 plugins.
Unloading 24 Unused Serialized files (Serialized files now loaded: 0)
Unloading 6521 unused Assets / (5.6 MB). Loaded Objects now: 7362.
Memory consumption went from 161.0 MB to 155.5 MB.
Total: 7078.025400 ms (FindLiveObjects: 102.318000 ms CreateObjectMapping: 64.513500 ms MarkObjects: 6849.910600 ms  DeleteObjects: 60.547500 ms)

Prepare: number of updated asset objects reloaded= 0
========================================================================
Received Prepare
Begin MonoManager ReloadAssembly
[Licensing::Client] Successfully resolved entitlement details
Assembly Assembly-CSharp-Editor-firstpass.dll at Library/ScriptAssemblies/Assembly-CSharp-Editor-firstpass.dll not valid. Loading of assembly skipped.
Assembly Assembly-CSharp-firstpass.dll at Library/ScriptAssemblies/Assembly-CSharp-firstpass.dll not valid. Loading of assembly skipped.
Assembly DocCodeExamples.dll at Library/ScriptAssemblies/DocCodeExamples.dll not valid. Loading of assembly skipped.
Assembly TestNewCustomAssembly.dll at Library/ScriptAssemblies/TestNewCustomAssembly.dll not valid. Loading of assembly skipped.
Assembly Unity.Collections.BurstCompatibilityGen.dll at Library/ScriptAssemblies/Unity.Collections.BurstCompatibilityGen.dll not valid. Loading of assembly skipped.
Assembly Unity.Collections.DocCodeSamples.dll at Library/ScriptAssemblies/Unity.Collections.DocCodeSamples.dll not valid. Loading of assembly skipped.
Assembly Unity.Collections.PerformanceTests.dll at Library/ScriptAssemblies/Unity.Collections.PerformanceTests.dll not valid. Loading of assembly skipped.
Assembly Unity.Collections.Tests.dll at Library/ScriptAssemblies/Unity.Collections.Tests.dll not valid. Loading of assembly skipped.
Assembly Unity.Collections.Tests.Playmode.dll at Library/ScriptAssemblies/Unity.Collections.Tests.Playmode.dll not valid. Loading of assembly skipped.
Assembly Unity.InputSystem.IntegrationTests.dll at Library/ScriptAssemblies/Unity.InputSystem.IntegrationTests.dll not valid. Loading of assembly skipped.
Assembly Unity.Mathematics.Tests.dll at Library/ScriptAssemblies/Unity.Mathematics.Tests.dll not valid. Loading of assembly skipped.
Assembly Unity.Multiplayer.Center.Editor.Tests.dll at Library/ScriptAssemblies/Unity.Multiplayer.Center.Editor.Tests.dll not valid. Loading of assembly skipped.
Assembly Unity.Multiplayer.Center.Tests.dll at Library/ScriptAssemblies/Unity.Multiplayer.Center.Tests.dll not valid. Loading of assembly skipped.
Assembly Unity.Nuget.Mono-Cecil.dll at Library/ScriptAssemblies/Unity.Nuget.Mono-Cecil.dll not valid. Loading of assembly skipped.
Assembly Unity.PathTracing.Editor.Tests.dll at Library/ScriptAssemblies/Unity.PathTracing.Editor.Tests.dll not valid. Loading of assembly skipped.
Assembly Unity.PathTracing.Runtime.Tests.dll at Library/ScriptAssemblies/Unity.PathTracing.Runtime.Tests.dll not valid. Loading of assembly skipped.
Assembly Unity.RenderPipelines.Core.Editor.Tests.dll at Library/ScriptAssemblies/Unity.RenderPipelines.Core.Editor.Tests.dll not valid. Loading of assembly skipped.
Assembly Unity.RenderPipelines.Core.Runtime.Tests.dll at Library/ScriptAssemblies/Unity.RenderPipelines.Core.Runtime.Tests.dll not valid. Loading of assembly skipped.
Assembly Unity.RenderPipelines.Universal.Config.Editor.Tests.dll at Library/ScriptAssemblies/Unity.RenderPipelines.Universal.Config.Editor.Tests.dll not valid. Loading of assembly skipped.
Assembly Unity.RenderPipelines.Universal.Editor.Tests.dll at Library/ScriptAssemblies/Unity.RenderPipelines.Universal.Editor.Tests.dll not valid. Loading of assembly skipped.
Assembly Unity.RenderPipelines.Universal.Runtime.Tests.dll at Library/ScriptAssemblies/Unity.RenderPipelines.Universal.Runtime.Tests.dll not valid. Loading of assembly skipped.
Assembly Unity.Searcher.EditorTests.dll at Library/ScriptAssemblies/Unity.Searcher.EditorTests.dll not valid. Loading of assembly skipped.
Assembly Unity.ShaderGraph.Editor.Tests.dll at Library/ScriptAssemblies/Unity.ShaderGraph.Editor.Tests.dll not valid. Loading of assembly skipped.
Assembly Unity.TextMeshPro.Editor.Tests.dll at Library/ScriptAssemblies/Unity.TextMeshPro.Editor.Tests.dll not valid. Loading of assembly skipped.
Assembly Unity.TextMeshPro.Tests.dll at Library/ScriptAssemblies/Unity.TextMeshPro.Tests.dll not valid. Loading of assembly skipped.
Assembly Unity.UnifiedRayTracing.Editor.Tests.dll at Library/ScriptAssemblies/Unity.UnifiedRayTracing.Editor.Tests.dll not valid. Loading of assembly skipped.
Assembly UnityEditor.UI.Common.Tests.dll at Library/ScriptAssemblies/UnityEditor.UI.Common.Tests.dll not valid. Loading of assembly skipped.
Assembly UnityEditor.UI.EditorTests.dll at Library/ScriptAssemblies/UnityEditor.UI.EditorTests.dll not valid. Loading of assembly skipped.
Assembly UnityEngine.UI.Tests.dll at Library/ScriptAssemblies/UnityEngine.UI.Tests.dll not valid. Loading of assembly skipped.
Refreshing native plugins compatible for Editor in 48.33 ms, found 4 plugins.
Native extension for LinuxStandalone target not found
Native extension for Android target not found
Native extension for WindowsStandalone target not found
Native extension for OSXStandalone target not found
Native extension for WebGL target not found
[Package Manager] Failed to launch server process. Reason: Unity was launched with the -noUpm command-line argument
[Package Manager] Unable to send message (not connected to server process).
[Package Manager] Cannot connect to Unity Package Manager local server
[Package Manager] Failed to launch server process. Reason: Unity was launched with the -noUpm command-line argument
[Package Manager] Unable to send message (not connected to server process).
[Package Manager] Cannot connect to Unity Package Manager local server
ScheduleIndexationOnStartup MainProcess:False IndexOnStartup:True
Mono: successfully reloaded assembly
- Finished resetting the current domain, in 36.943 seconds
Domain Reload Profiling: 123106ms
	BeginReloadAssembly (19664ms)
		DisableScriptedObjects (801ms)
		ReleaseScriptingObjects (17ms)
		CreateAndSetChildDomain (4896ms)
	RebuildCommonClasses (2481ms)
	RebuildNativeTypeToScriptingClass (291ms)
	initialDomainReloadingComplete (4685ms)
	LoadAllAssembliesAndSetupDomain (58984ms)
		LoadAssemblies (44839ms)
		AnalyzeDomain (23108ms)
			TypeCache.Refresh (804ms)
				TypeCache.ScanAssembly (3ms)
			BuildScriptInfoCaches (21555ms)
			ResolveRequiredComponents (460ms)
	FinalizeReload (37002ms)
		SetupLoadedEditorAssemblies (0ms)
			InitializePlatformSupportModulesInManaged (709ms)
			BeforeProcessingInitializeOnLoad (11086ms)
			ProcessInitializeOnLoadAttributes (11246ms)
			ProcessInitializeOnLoadMethodAttributes (2766ms)
			AfterProcessingInitializeOnLoad (290ms)
			EditorAssembliesLoaded (8ms)
		AwakeInstancesAfterBackupRestoration (450ms)
Refreshing native plugins compatible for Editor in 45.02 ms, found 4 plugins.
Unloading 24 Unused Serialized files (Serialized files now loaded: 0)
Unloading 6532 unused Assets / (4.0 MB). Loaded Objects now: 7365.
Memory consumption went from 163.5 MB to 159.6 MB.
Total: 185.913400 ms (FindLiveObjects: 24.405400 ms CreateObjectMapping: 9.272500 ms MarkObjects: 119.254500 ms  DeleteObjects: 32.242700 ms)

Prepare: number of updated asset objects reloaded= 0
========================================================================
Received Import Request.
  Time since last request: 12062.974385 seconds.
  path: Assets/Scripts/InterfaceTestScript.cs
  importAddress: Guid(00cc19884bc2f5b4698f585c37c7edbd) Importer(815301076,1909f56bfc062723c751e8b465ee728b)
Start importing Assets/Scripts/InterfaceTestScript.cs using Guid(00cc19884bc2f5b4698f585c37c7edbd) Importer(815301076,1909f56bfc062723c751e8b465ee728b) (PreviewImporter) -> (Import Result ID: '01a50b526ea3e34ce979f2366eb13ef2') in 1.128241 seconds [static and dynamic dependencies]. Details - ImportResultOutputID=3f3029e3245575391ddff301c335bd6c DependenciesID=9ed44d1b7d519b62db2d5c76fed37756 StaticDependenciesID=59d9575de50cb868de62fdadfb1392d7 
Number of updated asset objects reloaded before import = 0Number of asset objects unloaded after import = 0

